<?xml version="1.0" encoding="UTF-8"?>
<testng-results skipped="0" failed="0" total="1" passed="1">
  <reporter-output>
  </reporter-output>
  <suite name="Default suite" duration-ms="9668" started-at="2019-05-15T08:40:24Z" finished-at="2019-05-15T08:40:33Z">
    <groups>
    </groups>
    <test name="Default test" duration-ms="9668" started-at="2019-05-15T08:40:24Z" finished-at="2019-05-15T08:40:33Z">
      <class name="testing.testcase">
        <test-method status="PASS" signature="setup()[pri:0, instance:testing.testcase@3f3afe78]" name="setup" is-config="true" duration-ms="8762" started-at="2019-05-15T14:10:24Z" finished-at="2019-05-15T14:10:32Z">
          <reporter-output>
          </reporter-output>
        </test-method> <!-- setup -->
        <test-method status="PASS" signature="prime(java.lang.String, java.lang.String)[pri:0, instance:testing.testcase@3f3afe78]" name="prime" duration-ms="332" started-at="2019-05-15T14:10:33Z" data-provider="getDataExcel" finished-at="2019-05-15T14:10:33Z">
          <params>
            <param index="0">
              <value>
                <![CDATA[Admin]]>
              </value>
            </param>
            <param index="1">
              <value>
                <![CDATA[Admin]]>
              </value>
            </param>
          </params>
          <reporter-output>
          </reporter-output>
        </test-method> <!-- prime -->
        <test-method status="PASS" signature="closebrowser()[pri:0, instance:testing.testcase@3f3afe78]" name="closebrowser" is-config="true" duration-ms="63" started-at="2019-05-15T14:10:33Z" finished-at="2019-05-15T14:10:33Z">
          <reporter-output>
          </reporter-output>
        </test-method> <!-- closebrowser -->
      </class> <!-- testing.testcase -->
    </test> <!-- Default test -->
  </suite> <!-- Default suite -->
</testng-results>
